<?xml version="1.0" encoding="UTF-8"?>
<!-- Generated by org.testng.reporters.JUnitReportReporter -->
<testsuite hostname="seleniuminstance1-0" failures="0" tests="1" name="runner.Testcase_Login" time="5.176" errors="0" timestamp="2023-09-27T08:24:44 UTC" skipped="0">
  <testcase classname="runner.Testcase_Login" name="TC_001" time="5.176"/>
</testsuite> <!-- runner.Testcase_Login -->
