<?xml version="1.0" encoding="UTF-8"?>
<!-- Generated by org.testng.reporters.JUnitReportReporter -->
<testsuite hostname="seleniuminstance1-0" failures="0" tests="1" name="runner.Testcase_Register" time="7.227" errors="0" timestamp="2023-09-27T08:24:44 UTC" skipped="0">
  <testcase classname="runner.Testcase_Register" name="TC_003" time="7.227"/>
</testsuite> <!-- runner.Testcase_Register -->
